35=U34=00015543=N52=20170628-09:02:386040=6017=0000e9b5.59533671.01.0137=0022aac2.00012311.59532daa.00016381=EUR6378=2.86099=099997=Europe/Amsterdam
35=U34=00019343=N52=20170628-09:08:156040=6017=0000e9b5.5953370d.01.0137=0022aac2.00012311.59532dae.00016381=EUR6378=2.86099=74.499997=Europe/Amsterdam
35=U34=00018843=N52=20170628-15:05:326040=6017=0000e9b5.595344a6.01.0137=0022aac2.00012311.59534c68.00026381=EUR6378=2.86099=099997=Europe/Amsterdam
35=U34=00020743=N52=20170628-15:08:266040=6017=0000e9b5.595344d3.01.0137=0022aac2.00012311.59534d33.00016381=EUR6378=2.86099=74.499997=Europe/Amsterdam
