35=U34=00120943=N52=20180528-09:08:346040=6017=0000ea4e.5b0b8e3f.01.0137=002eab7f.000121a6.5b0b82b9.00026381=EUR6378=1.46099=099997=Europe/Amsterdam
35=U34=00152843=N52=20180528-09:49:216040=6017=0000ea4e.5b0b8e99.01.0137=002eab7f.000121a6.5b0b82bc.00026381=EUR6378=1.46099=099997=Europe/Amsterdam
35=U34=00173543=N52=20180528-10:13:216040=6017=0000ea4e.5b0b8ec9.01.0137=002eab7f.000121a6.5b0b82bf.00036381=EUR6378=1.46099=099997=Europe/Amsterdam
35=U34=00423643=N52=20180528-15:19:146040=6017=0000ea4e.5b0b9274.01.0137=002eab7f.000121a6.5b0b82cc.00016381=EUR6378=1.46099=-19.899997=Europe/Amsterdam
