35=U34=00009143=N52=20180529-07:27:336040=6017=0000ea4e.5b0cdf7a.01.0137=002eab7f.000121a6.5b0cd91d.00026381=EUR6378=1.46099=099997=Europe/Amsterdam
